<?xml version="1.0" encoding="utf-8"?><testsuites name="pytest tests"><testsuite name="pytest" errors="0" failures="0" skipped="0" tests="34" time="22.326" timestamp="2026-04-24T18:35:06.047666+00:00" hostname="agent-env-139eb047-022f-4dd7-9e2c-6d0be229084b"><testcase classname="backend.tests.test_iteration4.TestProfileIter4" name="test_profile_has_new_fields" time="0.335" /><testcase classname="backend.tests.test_iteration4.TestProfileIter4" name="test_patch_profile_username" time="0.109" /><testcase classname="backend.tests.test_iteration4.TestProfileIter4" name="test_patch_profile_ignores_empty" time="0.117" /><testcase classname="backend.tests.test_iteration4.TestProfileIter4" name="test_patch_profile_truncates_long" time="0.052" /><testcase classname="backend.tests.test_iteration4.TestFlashcardSessions" name="test_start_session_returns_queue" time="0.113" /><testcase classname="backend.tests.test_iteration4.TestFlashcardSessions" name="test_start_invalid_set" time="0.049" /><testcase classname="backend.tests.test_iteration4.TestFlashcardSessions" name="test_got_it_removes_card" time="0.159" /><testcase classname="backend.tests.test_iteration4.TestFlashcardSessions" name="test_more_practice_requeues_middle" time="0.148" /><testcase classname="backend.tests.test_iteration4.TestFlashcardSessions" name="test_not_quite_requeues_front" time="0.294" /><testcase classname="backend.tests.test_iteration4.TestFlashcardSessions" name="test_invalid_outcome_400" time="0.204" /><testcase classname="backend.tests.test_iteration4.TestFlashcardSessions" name="test_complete_awards_3_per_got_it" time="0.443" /><testcase classname="backend.tests.test_iteration4.TestQuizModePoints" name="test_practice_mode_points" time="6.457" /><testcase classname="backend.tests.test_iteration4.TestQuizModePoints" name="test_lock_challenge_mode_points" time="5.484" /><testcase classname="backend.tests.test_iteration4.TestLeaderboard" name="test_leaderboard_structure" time="0.053" /><testcase classname="backend.tests.test_iteration4.TestLeaderboard" name="test_leaderboard_sorted_desc" time="0.048" /><testcase classname="backend.tests.test_iteration4.TestLeaderboard" name="test_leaderboard_has_exactly_one_me" time="0.053" /><testcase classname="backend.tests.test_focuslearn_api.TestHealth" name="test_root" time="0.133" /><testcase classname="backend.tests.test_focuslearn_api.TestHealth" name="test_profile_default" time="0.051" /><testcase classname="backend.tests.test_focuslearn_api.TestScreenTime" name="test_screen_time_periods[daily]" time="0.049" /><testcase classname="backend.tests.test_focuslearn_api.TestScreenTime" name="test_screen_time_periods[weekly]" time="0.044" /><testcase classname="backend.tests.test_focuslearn_api.TestScreenTime" name="test_screen_time_periods[monthly]" time="0.055" /><testcase classname="backend.tests.test_focuslearn_api.TestStudySets" name="test_subjects_has_all" time="0.044" /><testcase classname="backend.tests.test_focuslearn_api.TestStudySets" name="test_list_study_sets_seeded" time="0.050" /><testcase classname="backend.tests.test_focuslearn_api.TestStudySets" name="test_filter_by_subject" time="0.050" /><testcase classname="backend.tests.test_focuslearn_api.TestStudySets" name="test_filter_by_query" time="0.052" /><testcase classname="backend.tests.test_focuslearn_api.TestStudySets" name="test_get_single_study_set" time="0.098" /><testcase classname="backend.tests.test_focuslearn_api.TestStudySets" name="test_get_missing_study_set_404" time="0.045" /><testcase classname="backend.tests.test_focuslearn_api.TestStudySets" name="test_create_study_set" time="0.093" /><testcase classname="backend.tests.test_focuslearn_api.TestBlockedApps" name="test_list_seeded" time="0.061" /><testcase classname="backend.tests.test_focuslearn_api.TestBlockedApps" name="test_create_and_delete" time="0.094" /><testcase classname="backend.tests.test_focuslearn_api.TestQuizAndRedeem" name="test_full_quiz_and_redeem_flow" time="6.533" /><testcase classname="backend.tests.test_focuslearn_api.TestQuizAndRedeem" name="test_redeem_invalid_multiples" time="0.127" /><testcase classname="backend.tests.test_focuslearn_api.TestQuizAndRedeem" name="test_redeem_insufficient" time="0.067" /><testcase classname="backend.tests.test_focuslearn_api.TestQuizAndRedeem" name="test_redeem_success_when_enough" time="0.330" /></testsuite></testsuites>